07-20-2022 11:22:52 - Moved document file: Lab 24 (Wireless_Network).docx
07-20-2022 11:23:51 - Moved document file: Assignment3c_ElectronicData (3).docx
07-20-2022 11:23:51 - Moved document file: 2ff58b74-eb71-4212-8e6e-1ed4499e7ce6.pdf
07-20-2022 11:23:51 - Moved document file: 8a4b72f4-45e6-4645-a9b7-479092db9639.pdf
07-20-2022 11:23:51 - Moved document file: 3c Answers.pages
07-20-2022 11:23:51 - Moved document file: Assignment3c_ElectronicData.docx
07-20-2022 11:23:51 - Moved document file: CA.W-2 - 2021 - BRODERICK KELSO.pdf
07-20-2022 11:23:51 - Moved document file: Final_Online_Logical Topology-1.docx
07-20-2022 11:23:51 - Moved document file: Final_Physical_Topology-1.docx
07-20-2022 11:23:51 - Moved document file: FORM_ACCEPTED_FEDERAL_2019.pdf
07-20-2022 11:23:51 - Moved document file: General Resume.docx
07-20-2022 11:23:51 - Moved document file: Lab 13 (Switch & Router).docx
07-20-2022 11:23:51 - Moved document file: Lab 15 (Router_Address_Configuration).docx
07-20-2022 11:23:51 - Moved document file: Lab 14 (Importance of the DG).docx
07-20-2022 11:23:51 - Moved document file: Lab 17 (Router Configuration with RIP via command line.docx
07-20-2022 11:23:51 - Moved document file: Lab 16 (Router Configuration with RIP via GUI).docx
07-20-2022 11:23:51 - Moved document file: Lab 18 (Spot the difference II).docx
07-20-2022 11:23:51 - Moved document file: Lab 19 (DHCP & DNS).docx
07-20-2022 11:23:51 - Moved document file: Lab 20 (Examining DNS Traffic).docx
07-20-2022 11:23:51 - Moved document file: Lab 21 (NAT).docx
07-20-2022 11:23:51 - Moved document file: Lab 22 (Troubleshooting Utilities).docx
07-20-2022 11:23:51 - Moved document file: Lab 23 (Troubleshooting Scenario).docx
07-20-2022 11:23:51 - Moved document file: Lab 23 (Troubleshooting Scenario)Finished.docx
07-20-2022 11:23:51 - Moved document file: Lab 24 (Wireless_Network).docx
07-20-2022 11:23:51 - Moved document file: Lab 26 (Spot the difference III) Finished.docx
07-20-2022 11:23:51 - Moved document file: Lab 25 (Wireless Access Points).docx
07-20-2022 11:23:51 - Moved document file: Lab 26 (Spot the difference III).docx
07-20-2022 11:23:51 - Moved document file: Lab 27 (Network Management with ipMonitor) (1).docx
07-20-2022 11:23:51 - Moved document file: Lab 27 (Network Management with ipMonitor).docx
07-20-2022 11:23:51 - Moved document file: Lab 28 (IP Phone Connection).doc
07-20-2022 11:23:51 - Moved document file: Lab 29 (Network Security Concepts).docx
07-20-2022 11:23:51 - Moved document file: Lab 30 (One more fix) (1).docx
07-20-2022 11:23:51 - Moved document file: Lab 30 (One more fix) Finished.docx
07-20-2022 11:23:51 - Moved document file: Lab 30 (One more fix).docx
07-20-2022 11:23:51 - Moved document file: Letter of Resignation.pdf
07-20-2022 11:23:51 - Moved document file: StatementPDF.aspx.pdf
07-20-2022 11:23:51 - Moved document file: UI Online - Doc_20210317000000.pdf
07-25-2022 16:11:22 - Moved document file: Lab 21 (NAT).docx
