01-15-2023 14:27:00 - Moved document file: Lab 2 (Physical Layer Concepts).doc
01-15-2023 14:27:00 - Moved document file: EligibilityResultsNotice.pdf
01-15-2023 14:27:00 - Moved document file: Certificate-22-CTFL-03561-USA (1).pdf
01-15-2023 14:27:00 - Moved document file: 11.29 Template.xlsx
01-15-2023 14:27:00 - Moved image file: 1673318938.23999.jpg
01-15-2023 14:27:00 - Moved document file: Kelso-Broderick_SDET (1).pdf
01-15-2023 14:27:00 - Moved document file: kelsobroderick@gmail.com.pdf
01-15-2023 14:27:00 - Moved document file: Lab 1 (Network Models, Internet & Groups).doc
01-15-2023 14:27:00 - Moved document file: Syllabus+for+100+Days+of+Python.pdf
01-15-2023 14:27:00 - Moved document file: WEC Energy Group_Service Partner_01.17.23.pdf.pdf
01-15-2023 14:27:00 - Moved document file: EligibilityResultsNotice (1).pdf
01-15-2023 14:27:00 - Moved document file: 12+Rules+to+Learn+to+Code+eBook-Copyright+App+Brewery.pdf
01-15-2023 14:27:00 - Moved image file: IMG_1386.heic
01-15-2023 14:27:00 - Moved document file: pro-series-login-tools.docx
01-15-2023 14:27:00 - Moved document file: KYB Receipt.pdf
01-15-2023 14:27:00 - Moved image file: IFT 266_SessionA_Schedule_PartA.jpg
01-15-2023 14:27:00 - Moved document file: Letter-22-CTFL-03561-USA.pdf
01-15-2023 14:27:00 - Moved image file: 74158.png
01-15-2023 14:27:00 - Moved document file: Resume-Kelso-Broderick.pdf
01-15-2023 14:27:00 - Moved image file: IMG_1386.jpg
01-15-2023 14:27:00 - Moved document file: Neiman Marcus Service Partner 1.17.23.pdf.pdf
01-15-2023 14:27:00 - Moved document file: Certificate-22-CTFL-03561-USA.pdf
01-15-2023 14:27:00 - Moved image file: Screen Shot 2022-10-02 at 2.39.42 PM.png
01-15-2023 14:27:00 - Moved document file: SQL Basic Commands Cheat Sheet.xlsx
01-15-2023 14:27:00 - Moved image file: IFT 266_SessionA_Schedule_Part_B.jpg
01-15-2023 14:27:00 - Moved document file: EligibilityResultsNotice (3).pdf
01-15-2023 14:27:00 - Moved document file: EligibilityResultsNotice (2).pdf
01-15-2023 14:27:00 - Moved document file: Profile.pdf
01-15-2023 14:27:00 - Moved document file: Kelso-Broderick_SDET.pdf
01-15-2023 14:27:00 - Moved image file: linkedinprofilepic.jpeg
01-15-2023 14:27:00 - Moved document file: Kelso-Broderick_SDET (2).pdf
01-15-2023 14:27:00 - Moved document file: 100+Days+of+Python+Check+Off+Posters.pdf
01-15-2023 14:27:00 - Moved document file: Intuit ProSeries OneExperience - Service Partner - 12.5.2022_REV2.pdf.pdf
01-15-2023 14:27:00 - Moved document file: Certificate-22-CTFL-03561-USA (2).pdf
